{"uuid":"78b0ec1c-c20b-4f1e-a11a-83fac5d7c444","historyId":"d4a4cbc2074c354eba7dba310c02bf8f","fullName":"tests.RegisterTest.testPasswordConfirmationMismatch","labels":[{"name":"package","value":"tests.RegisterTest"},{"name":"testClass","value":"tests.RegisterTest"},{"name":"testMethod","value":"testPasswordConfirmationMismatch"},{"name":"parentSuite","value":"StudentRegistrationTestSuite"},{"name":"suite","value":"FirefoxTests"},{"name":"subSuite","value":"tests.RegisterTest"},{"name":"host","value":"DESKTOP-0CPJLRI"},{"name":"thread","value":"14908@DESKTOP-0CPJLRI.TestNG-test-FirefoxTests-3(53)"},{"name":"framework","value":"testng"},{"name":"language","value":"java"},{"name":"story","value":"Password Confirmation Matching"},{"name":"epic","value":"Student Registration"},{"name":"feature","value":"Registration Form Validation"},{"name":"severity","value":"critical"}],"links":[],"name":"testPasswordConfirmationMismatch","status":"skipped","statusDetails":{"known":false,"muted":false,"flaky":false,"message":"Test setup failed","trace":"java.lang.RuntimeException: Test setup failed\r\n\tat tests.BaseTest.beforeMethod(BaseTest.java:104)\r\n\tat jdk.internal.reflect.GeneratedMethodAccessor55.invoke(Unknown Source)\r\n\tat java.base/jdk.internal.reflect.DelegatingMethodAccessorImpl.invoke(DelegatingMethodAccessorImpl.java:43)\r\n\tat java.base/java.lang.reflect.Method.invoke(Method.java:569)\r\n\tat org.testng.internal.invokers.MethodInvocationHelper.invokeMethod(MethodInvocationHelper.java:141)\r\n\tat org.testng.internal.invokers.MethodInvocationHelper.invokeMethodConsideringTimeout(MethodInvocationHelper.java:71)\r\n\tat org.testng.internal.invokers.ConfigInvoker.invokeConfigurationMethod(ConfigInvoker.java:400)\r\n\tat org.testng.internal.invokers.ConfigInvoker.invokeConfigurations(ConfigInvoker.java:333)\r\n\tat org.testng.internal.invokers.TestInvoker.runConfigMethods(TestInvoker.java:833)\r\n\tat org.testng.internal.invokers.TestInvoker.invokeMethod(TestInvoker.java:600)\r\n\tat org.testng.internal.invokers.TestInvoker.invokeTestMethod(TestInvoker.java:230)\r\n\tat org.testng.internal.invokers.MethodRunner.runInSequence(MethodRunner.java:63)\r\n\tat org.testng.internal.invokers.TestInvoker$MethodInvocationAgent.invoke(TestInvoker.java:992)\r\n\tat org.testng.internal.invokers.TestInvoker.invokeTestMethods(TestInvoker.java:203)\r\n\tat org.testng.internal.invokers.TestMethodWorker.invokeTestMethods(TestMethodWorker.java:154)\r\n\tat org.testng.internal.invokers.TestMethodWorker.run(TestMethodWorker.java:134)\r\n\tat java.base/java.util.concurrent.Executors$RunnableAdapter.call(Executors.java:539)\r\n\tat java.base/java.util.concurrent.FutureTask.run$$$capture(FutureTask.java:264)\r\n\tat java.base/java.util.concurrent.FutureTask.run(FutureTask.java)\r\n\tat --- Async.Stack.Trace --- (captured by IntelliJ IDEA debugger)\r\n\tat java.base/java.util.concurrent.FutureTask.<init>(FutureTask.java:151)\r\n\tat org.testng.internal.thread.graph.TestNGFutureTask.<init>(TestNGFutureTask.java:15)\r\n\tat org.testng.internal.thread.graph.GraphOrchestrator.runNodes(GraphOrchestrator.java:58)\r\n\tat org.testng.internal.thread.graph.GraphOrchestrator.afterExecute(GraphOrchestrator.java:87)\r\n\tat org.testng.internal.thread.graph.TestNGFutureTask.done(TestNGFutureTask.java:34)\r\n\tat java.base/java.util.concurrent.FutureTask.finishCompletion(FutureTask.java:381)\r\n\tat java.base/java.util.concurrent.FutureTask.set(FutureTask.java:232)\r\n\tat java.base/java.util.concurrent.FutureTask.run$$$capture(FutureTask.java:272)\r\n\tat java.base/java.util.concurrent.FutureTask.run(FutureTask.java)\r\n\tat --- Async.Stack.Trace --- (captured by IntelliJ IDEA debugger)\r\n\tat java.base/java.util.concurrent.FutureTask.<init>(FutureTask.java:151)\r\n\tat org.testng.internal.thread.graph.TestNGFutureTask.<init>(TestNGFutureTask.java:15)\r\n\tat org.testng.internal.thread.graph.GraphOrchestrator.runNodes(GraphOrchestrator.java:58)\r\n\tat org.testng.internal.thread.graph.GraphOrchestrator.run(GraphOrchestrator.java:46)\r\n\tat org.testng.TestTaskExecutor.execute(TestTaskExecutor.java:69)\r\n\tat org.testng.TestRunner.privateRun(TestRunner.java:720)\r\n\tat org.testng.TestRunner.run(TestRunner.java:614)\r\n\tat org.testng.SuiteRunner.runTest(SuiteRunner.java:421)\r\n\tat org.testng.SuiteRunner.runSequentially(SuiteRunner.java:413)\r\n\tat org.testng.SuiteRunner.privateRun(SuiteRunner.java:373)\r\n\tat org.testng.SuiteRunner.run(SuiteRunner.java:312)\r\n\tat org.testng.SuiteRunnerWorker.runSuite(SuiteRunnerWorker.java:52)\r\n\tat org.testng.SuiteRunnerWorker.run(SuiteRunnerWorker.java:95)\r\n\tat org.testng.TestNG.runSuitesSequentially(TestNG.java:1274)\r\n\tat org.testng.TestNG.runSuitesLocally(TestNG.java:1208)\r\n\tat org.testng.TestNG.runSuites(TestNG.java:1112)\r\n\tat org.testng.TestNG.run(TestNG.java:1079)\r\n\tat com.intellij.rt.testng.IDEARemoteTestNG.run(IDEARemoteTestNG.java:65)\r\n\tat com.intellij.rt.testng.RemoteTestNGStarter.main(RemoteTestNGStarter.java:105)\r\nCaused by: java.lang.NullPointerException: Cannot invoke \"String.toLowerCase()\" because \"browserName\" is null\r\n\tat utils.DriverFactory.createDriver(DriverFactory.java:233)\r\n\tat tests.BaseTest.beforeMethod(BaseTest.java:90)\r\n\t... 48 more\r\n"},"stage":"finished","description":"Test that password and confirm password must match","steps":[],"attachments":[],"parameters":[{"name":"headless","value":"false"},{"name":"browser","value":"firefox"}],"start":1753001857455,"stop":1753001857456}